{"contracts\\GatingNft1155.sol":{"l":{"40":1,"41":1,"52":54,"54":54,"73":17,"74":16,"75":0,"76":0,"79":16,"83":16,"85":16,"86":16,"88":16,"100":0,"113":0,"126":0,"137":39,"148":39,"149":39,"151":39,"152":1,"155":39,"156":39,"162":1,"166":1,"170":13,"175":16,"176":16,"177":16,"182":1,"190":1},"path":"E:\\LivePlanet\\Go Ethereum\\light-worker\\contracts\\GatingNft1155.sol","s":{"1":1,"2":17,"3":16,"4":0,"5":0,"6":16,"7":16,"8":16,"9":16,"10":0,"11":0,"12":0,"13":39,"14":39,"15":39,"16":39,"17":1,"18":39,"19":39,"20":1,"21":13,"22":16,"23":16,"24":1},"b":{"1":[1,0],"2":[16,1],"3":[0,16],"4":[0,0],"5":[0,0],"6":[0,0],"7":[0,0],"8":[1,38],"9":[39,0],"10":[1,0],"11":[16,0]},"f":{"1":1,"2":54,"3":17,"4":0,"5":0,"6":0,"7":39,"8":39,"9":1,"10":1,"11":13,"12":16,"13":1,"14":1},"fnMap":{"1":{"name":"onlyOwner","line":39,"loc":{"start":{"line":39,"column":4},"end":{"line":42,"column":4}}},"2":{"name":"constructor","line":51,"loc":{"start":{"line":51,"column":4},"end":{"line":55,"column":4}}},"3":{"name":"mint","line":66,"loc":{"start":{"line":66,"column":4},"end":{"line":89,"column":4}}},"4":{"name":"_mintBatch","line":94,"loc":{"start":{"line":94,"column":4},"end":{"line":101,"column":4}}},"5":{"name":"pause","line":112,"loc":{"start":{"line":112,"column":4},"end":{"line":114,"column":4}}},"6":{"name":"unpause","line":125,"loc":{"start":{"line":125,"column":4},"end":{"line":127,"column":4}}},"7":{"name":"_beforeTokenTransfer","line":129,"loc":{"start":{"line":129,"column":4},"end":{"line":138,"column":4}}},"8":{"name":"_afterTokenTransfer","line":140,"loc":{"start":{"line":140,"column":4},"end":{"line":159,"column":4}}},"9":{"name":"getRewardMgr","line":161,"loc":{"start":{"line":161,"column":4},"end":{"line":163,"column":4}}},"10":{"name":"setRewardMgr","line":165,"loc":{"start":{"line":165,"column":4},"end":{"line":167,"column":4}}},"11":{"name":"getLightWorkerDao","line":169,"loc":{"start":{"line":169,"column":4},"end":{"line":171,"column":4}}},"12":{"name":"_addTokenID","line":174,"loc":{"start":{"line":174,"column":4},"end":{"line":179,"column":4}}},"13":{"name":"getTokenIDs","line":181,"loc":{"start":{"line":181,"column":4},"end":{"line":183,"column":4}}},"14":{"name":"getTokenOperator","line":185,"loc":{"start":{"line":185,"column":4},"end":{"line":191,"column":4}}}},"statementMap":{"1":{"start":{"line":40,"column":8},"end":{"line":40,"column":75}},"2":{"start":{"line":73,"column":8},"end":{"line":73,"column":61}},"3":{"start":{"line":74,"column":8},"end":{"line":74,"column":2573}},"4":{"start":{"line":75,"column":12},"end":{"line":75,"column":51}},"5":{"start":{"line":76,"column":12},"end":{"line":76,"column":68}},"6":{"start":{"line":83,"column":12},"end":{"line":83,"column":61}},"7":{"start":{"line":85,"column":12},"end":{"line":85,"column":47}},"8":{"start":{"line":86,"column":12},"end":{"line":86,"column":26}},"9":{"start":{"line":88,"column":8},"end":{"line":88,"column":34}},"10":{"start":{"line":100,"column":8},"end":{"line":100,"column":40}},"11":{"start":{"line":113,"column":8},"end":{"line":113,"column":15}},"12":{"start":{"line":126,"column":8},"end":{"line":126,"column":17}},"13":{"start":{"line":137,"column":8},"end":{"line":137,"column":73}},"14":{"start":{"line":148,"column":8},"end":{"line":148,"column":4567}},"15":{"start":{"line":149,"column":12},"end":{"line":149,"column":36}},"16":{"start":{"line":151,"column":12},"end":{"line":151,"column":4711}},"17":{"start":{"line":152,"column":16},"end":{"line":152,"column":75}},"18":{"start":{"line":155,"column":12},"end":{"line":155,"column":4925}},"19":{"start":{"line":156,"column":16},"end":{"line":156,"column":70}},"20":{"start":{"line":162,"column":8},"end":{"line":162,"column":24}},"21":{"start":{"line":170,"column":8},"end":{"line":170,"column":31}},"22":{"start":{"line":175,"column":8},"end":{"line":175,"column":5485}},"23":{"start":{"line":176,"column":12},"end":{"line":176,"column":33}},"24":{"start":{"line":182,"column":8},"end":{"line":182,"column":23}}},"branchMap":{"1":{"line":40,"type":"if","locations":[{"start":{"line":40,"column":8},"end":{"line":40,"column":8}},{"start":{"line":40,"column":8},"end":{"line":40,"column":8}}]},"2":{"line":73,"type":"if","locations":[{"start":{"line":73,"column":8},"end":{"line":73,"column":8}},{"start":{"line":73,"column":8},"end":{"line":73,"column":8}}]},"3":{"line":74,"type":"if","locations":[{"start":{"line":74,"column":8},"end":{"line":74,"column":8}},{"start":{"line":74,"column":8},"end":{"line":74,"column":8}}]},"4":{"line":76,"type":"if","locations":[{"start":{"line":76,"column":12},"end":{"line":76,"column":12}},{"start":{"line":76,"column":12},"end":{"line":76,"column":12}}]},"5":{"line":100,"type":"if","locations":[{"start":{"line":100,"column":8},"end":{"line":100,"column":8}},{"start":{"line":100,"column":8},"end":{"line":100,"column":8}}]},"6":{"line":112,"type":"if","locations":[{"start":{"line":112,"column":36},"end":{"line":112,"column":36}},{"start":{"line":112,"column":36},"end":{"line":112,"column":36}}]},"7":{"line":125,"type":"if","locations":[{"start":{"line":125,"column":38},"end":{"line":125,"column":38}},{"start":{"line":125,"column":38},"end":{"line":125,"column":38}}]},"8":{"line":151,"type":"if","locations":[{"start":{"line":151,"column":12},"end":{"line":151,"column":12}},{"start":{"line":151,"column":12},"end":{"line":151,"column":12}}]},"9":{"line":155,"type":"if","locations":[{"start":{"line":155,"column":12},"end":{"line":155,"column":12}},{"start":{"line":155,"column":12},"end":{"line":155,"column":12}}]},"10":{"line":165,"type":"if","locations":[{"start":{"line":165,"column":53},"end":{"line":165,"column":53}},{"start":{"line":165,"column":53},"end":{"line":165,"column":53}}]},"11":{"line":175,"type":"if","locations":[{"start":{"line":175,"column":8},"end":{"line":175,"column":8}},{"start":{"line":175,"column":8},"end":{"line":175,"column":8}}]}}},"contracts\\ILightWorkerDao.sol":{"l":{},"path":"E:\\LivePlanet\\Go Ethereum\\light-worker\\contracts\\ILightWorkerDao.sol","s":{},"b":{},"f":{},"fnMap":{},"statementMap":{},"branchMap":{}},"contracts\\IRewardMgr.sol":{"l":{},"path":"E:\\LivePlanet\\Go Ethereum\\light-worker\\contracts\\IRewardMgr.sol","s":{},"b":{},"f":{},"fnMap":{},"statementMap":{},"branchMap":{}},"contracts\\LightWorkerDao.sol":{"l":{"66":4,"67":4,"71":59,"72":58,"76":0,"77":0,"81":7,"82":6,"86":5,"90":4,"94":1,"95":1,"99":4,"100":3,"104":1,"105":1,"109":56,"110":56,"115":0,"124":16,"125":16,"126":16,"127":16,"131":1,"135":56,"136":39,"137":39,"138":39,"143":2,"144":2,"145":2,"146":2,"147":0,"148":0,"150":2,"151":2,"164":14,"165":13,"190":2,"194":1,"195":1,"213":3,"220":3,"221":3,"222":3,"223":1,"228":3,"229":3,"230":5,"231":4,"232":4,"235":2,"245":1,"246":1,"247":1,"248":1,"249":1,"250":1,"251":1,"256":1,"265":1,"266":1,"267":1,"268":1,"269":1,"270":1,"271":2,"272":2,"273":2,"274":2,"277":1,"278":1,"290":13,"291":13,"303":13,"304":13,"312":1,"313":1,"321":0,"322":0,"333":1,"334":1,"335":1,"336":1,"337":2,"338":2,"340":1,"341":1,"342":1,"343":2,"344":2,"345":2,"347":1,"356":1,"357":1,"358":1,"359":1,"360":1,"361":1,"365":0,"366":0,"368":1,"369":1,"370":1,"374":23,"375":22,"378":22,"383":22,"391":1,"395":1,"396":1,"401":1,"404":1,"405":1,"406":1,"415":4,"416":4,"420":0,"428":1,"429":1,"430":1,"432":1,"433":1,"437":1,"446":2,"454":5,"455":2,"456":2,"457":2,"458":1,"459":0,"462":2,"463":2,"464":2,"473":1,"474":1},"path":"E:\\LivePlanet\\Go Ethereum\\light-worker\\contracts\\LightWorkerDao.sol","s":{"1":4,"2":59,"3":0,"4":7,"5":5,"6":1,"7":4,"8":1,"9":56,"10":1,"11":56,"12":39,"13":39,"14":2,"15":2,"16":2,"17":2,"18":2,"19":14,"20":2,"21":1,"22":1,"23":3,"24":3,"25":3,"26":1,"27":3,"28":3,"29":5,"30":4,"31":1,"32":2,"33":1,"34":1,"35":1,"36":1,"37":1,"38":1,"39":1,"40":1,"41":1,"42":1,"43":1,"44":2,"45":2,"46":1,"47":1,"48":13,"49":1,"50":1,"51":0,"52":0,"53":1,"54":1,"55":1,"56":1,"57":2,"58":2,"59":1,"60":1,"61":1,"62":2,"63":2,"64":1,"65":1,"66":1,"67":1,"68":1,"69":1,"70":1,"71":1,"72":23,"73":22,"74":22,"75":22,"76":1,"77":1,"78":1,"79":1,"80":1,"81":1,"82":1,"83":4,"84":0,"85":1,"86":1,"87":1,"88":1,"89":1,"90":1,"91":5,"92":2,"93":2,"94":2,"95":1,"96":0,"97":2,"98":2,"99":2,"100":1,"101":1},"b":{"1":[4,0],"2":[58,1],"3":[0,0],"4":[6,1],"5":[4,1],"6":[1,0],"7":[3,1],"8":[1,0],"9":[56,0],"10":[0,0],"11":[56,1],"12":[56,0],"13":[39,17],"14":[2,0],"15":[2,0],"16":[0,2],"17":[13,1],"18":[1,1],"19":[5,1],"20":[4,1],"21":[3,1],"22":[3,0],"23":[1,2],"24":[4,1],"25":[1,3],"26":[1,0],"27":[1,0],"28":[1,0],"29":[1,0],"30":[2,0],"31":[1,0],"32":[1,0],"33":[0,0],"34":[0,0],"35":[1,0],"36":[2,0],"37":[2,0],"38":[1,0],"39":[0,1],"40":[0,0],"41":[22,1],"42":[22,0],"43":[1,0],"44":[1,0],"45":[1,0],"46":[4,0],"47":[4,0],"48":[1,0],"49":[1,0],"50":[2,3],"51":[0,1],"52":[1,0]},"f":{"1":4,"2":59,"3":0,"4":7,"5":5,"6":1,"7":4,"8":1,"9":56,"10":16,"11":1,"12":56,"13":2,"14":14,"15":2,"16":3,"17":3,"18":1,"19":1,"20":13,"21":1,"22":0,"23":1,"24":1,"25":23,"26":1,"27":4,"28":0,"29":1,"30":1,"31":2,"32":5,"33":1},"fnMap":{"1":{"name":"onlyOperator","line":65,"loc":{"start":{"line":65,"column":4},"end":{"line":68,"column":4}}},"2":{"name":"onlyParent","line":70,"loc":{"start":{"line":70,"column":4},"end":{"line":73,"column":4}}},"3":{"name":"ownerDoesNotExist","line":75,"loc":{"start":{"line":75,"column":4},"end":{"line":78,"column":4}}},"4":{"name":"ownerExists","line":80,"loc":{"start":{"line":80,"column":4},"end":{"line":83,"column":4}}},"5":{"name":"transactionExists","line":85,"loc":{"start":{"line":85,"column":4},"end":{"line":91,"column":4}}},"6":{"name":"confirmed","line":93,"loc":{"start":{"line":93,"column":4},"end":{"line":96,"column":4}}},"7":{"name":"notConfirmed","line":98,"loc":{"start":{"line":98,"column":4},"end":{"line":101,"column":4}}},"8":{"name":"notExecuted","line":103,"loc":{"start":{"line":103,"column":4},"end":{"line":106,"column":4}}},"9":{"name":"notNull","line":108,"loc":{"start":{"line":108,"column":4},"end":{"line":111,"column":4}}},"10":{"name":"constructor","line":118,"loc":{"start":{"line":118,"column":4},"end":{"line":128,"column":4}}},"11":{"name":"getOperator","line":130,"loc":{"start":{"line":130,"column":4},"end":{"line":132,"column":4}}},"12":{"name":"addWorker","line":134,"loc":{"start":{"line":134,"column":4},"end":{"line":140,"column":4}}},"13":{"name":"removeWorker","line":142,"loc":{"start":{"line":142,"column":4},"end":{"line":153,"column":4}}},"14":{"name":"addPredictionChallenge","line":155,"loc":{"start":{"line":155,"column":4},"end":{"line":174,"column":4}}},"15":{"name":"getPredictionChallenge","line":176,"loc":{"start":{"line":176,"column":4},"end":{"line":205,"column":4}}},"16":{"name":"submitResponse","line":211,"loc":{"start":{"line":207,"column":4},"end":{"line":225,"column":4}}},"17":{"name":"isReady","line":227,"loc":{"start":{"line":227,"column":4},"end":{"line":236,"column":4}}},"18":{"name":"processPredictions","line":243,"loc":{"start":{"line":239,"column":4},"end":{"line":262,"column":4}}},"19":{"name":"predictedValue","line":264,"loc":{"start":{"line":264,"column":4},"end":{"line":279,"column":4}}},"20":{"name":"_addPredictionChallenge","line":281,"loc":{"start":{"line":281,"column":4},"end":{"line":305,"column":4}}},"21":{"name":"getResponseCount","line":307,"loc":{"start":{"line":307,"column":4},"end":{"line":314,"column":4}}},"22":{"name":"getChallengeCount","line":316,"loc":{"start":{"line":316,"column":4},"end":{"line":326,"column":4}}},"23":{"name":"getWinners","line":328,"loc":{"start":{"line":328,"column":4},"end":{"line":348,"column":4}}},"24":{"name":"getChallengeIds","line":350,"loc":{"start":{"line":350,"column":4},"end":{"line":371,"column":4}}},"25":{"name":"acquireToken","line":373,"loc":{"start":{"line":373,"column":4},"end":{"line":384,"column":4}}},"26":{"name":"releaseToken","line":389,"loc":{"start":{"line":389,"column":4},"end":{"line":407,"column":4}}},"27":{"name":"setTokenPrice","line":414,"loc":{"start":{"line":414,"column":4},"end":{"line":417,"column":4}}},"28":{"name":"getTokenPrice","line":419,"loc":{"start":{"line":419,"column":4},"end":{"line":421,"column":4}}},"29":{"name":"distribRewardsFromEscrow","line":423,"loc":{"start":{"line":423,"column":4},"end":{"line":434,"column":4}}},"30":{"name":"getPredictionValue","line":436,"loc":{"start":{"line":436,"column":4},"end":{"line":438,"column":4}}},"31":{"name":"swap","line":441,"loc":{"start":{"line":441,"column":4},"end":{"line":447,"column":4}}},"32":{"name":"sort","line":449,"loc":{"start":{"line":449,"column":4},"end":{"line":466,"column":4}}},"33":{"name":"median","line":468,"loc":{"start":{"line":468,"column":4},"end":{"line":478,"column":4}}}},"statementMap":{"1":{"start":{"line":66,"column":8},"end":{"line":66,"column":75}},"2":{"start":{"line":71,"column":8},"end":{"line":71,"column":71}},"3":{"start":{"line":76,"column":8},"end":{"line":76,"column":60}},"4":{"start":{"line":81,"column":8},"end":{"line":81,"column":63}},"5":{"start":{"line":86,"column":8},"end":{"line":86,"column":3198}},"6":{"start":{"line":94,"column":8},"end":{"line":94,"column":75}},"7":{"start":{"line":99,"column":8},"end":{"line":99,"column":72}},"8":{"start":{"line":104,"column":8},"end":{"line":104,"column":69}},"9":{"start":{"line":109,"column":8},"end":{"line":109,"column":62}},"10":{"start":{"line":131,"column":8},"end":{"line":131,"column":23}},"11":{"start":{"line":135,"column":8},"end":{"line":135,"column":4495}},"12":{"start":{"line":136,"column":12},"end":{"line":136,"column":31}},"13":{"start":{"line":138,"column":12},"end":{"line":138,"column":45}},"14":{"start":{"line":143,"column":8},"end":{"line":143,"column":4725}},"15":{"start":{"line":145,"column":12},"end":{"line":145,"column":4807}},"16":{"start":{"line":146,"column":16},"end":{"line":146,"column":4872}},"17":{"start":{"line":150,"column":12},"end":{"line":150,"column":24}},"18":{"start":{"line":151,"column":12},"end":{"line":151,"column":47}},"19":{"start":{"line":164,"column":8},"end":{"line":164,"column":70}},"20":{"start":{"line":190,"column":8},"end":{"line":190,"column":6067}},"21":{"start":{"line":194,"column":8},"end":{"line":194,"column":71}},"22":{"start":{"line":195,"column":8},"end":{"line":195,"column":6260}},"23":{"start":{"line":213,"column":8},"end":{"line":213,"column":6765}},"24":{"start":{"line":221,"column":8},"end":{"line":221,"column":55}},"25":{"start":{"line":222,"column":8},"end":{"line":222,"column":7137}},"26":{"start":{"line":223,"column":12},"end":{"line":223,"column":42}},"27":{"start":{"line":228,"column":8},"end":{"line":228,"column":25}},"28":{"start":{"line":229,"column":8},"end":{"line":229,"column":7333}},"29":{"start":{"line":230,"column":12},"end":{"line":230,"column":7396}},"30":{"start":{"line":232,"column":16},"end":{"line":232,"column":74}},"31":{"start":{"line":232,"column":63},"end":{"line":232,"column":74}},"32":{"start":{"line":235,"column":8},"end":{"line":235,"column":20}},"33":{"start":{"line":245,"column":8},"end":{"line":245,"column":51}},"34":{"start":{"line":246,"column":8},"end":{"line":246,"column":7876}},"35":{"start":{"line":247,"column":12},"end":{"line":247,"column":69}},"36":{"start":{"line":251,"column":12},"end":{"line":251,"column":8084}},"37":{"start":{"line":256,"column":12},"end":{"line":256,"column":8257}},"38":{"start":{"line":265,"column":8},"end":{"line":265,"column":63}},"39":{"start":{"line":266,"column":8},"end":{"line":266,"column":27}},"40":{"start":{"line":267,"column":8},"end":{"line":267,"column":25}},"41":{"start":{"line":268,"column":8},"end":{"line":268,"column":59}},"42":{"start":{"line":269,"column":8},"end":{"line":269,"column":59}},"43":{"start":{"line":270,"column":8},"end":{"line":270,"column":8746}},"44":{"start":{"line":271,"column":12},"end":{"line":271,"column":65}},"45":{"start":{"line":272,"column":12},"end":{"line":272,"column":8876}},"46":{"start":{"line":277,"column":8},"end":{"line":277,"column":54}},"47":{"start":{"line":278,"column":8},"end":{"line":278,"column":22}},"48":{"start":{"line":304,"column":8},"end":{"line":304,"column":35}},"49":{"start":{"line":312,"column":8},"end":{"line":312,"column":10083}},"50":{"start":{"line":313,"column":12},"end":{"line":313,"column":66}},"51":{"start":{"line":321,"column":8},"end":{"line":321,"column":10295}},"52":{"start":{"line":322,"column":12},"end":{"line":322,"column":10352}},"53":{"start":{"line":333,"column":8},"end":{"line":333,"column":25}},"54":{"start":{"line":334,"column":8},"end":{"line":334,"column":25}},"55":{"start":{"line":335,"column":8},"end":{"line":335,"column":56}},"56":{"start":{"line":336,"column":8},"end":{"line":336,"column":10753}},"57":{"start":{"line":337,"column":12},"end":{"line":337,"column":66}},"58":{"start":{"line":338,"column":12},"end":{"line":338,"column":75}},"59":{"start":{"line":340,"column":8},"end":{"line":340,"column":55}},"60":{"start":{"line":341,"column":8},"end":{"line":341,"column":21}},"61":{"start":{"line":342,"column":8},"end":{"line":342,"column":11043}},"62":{"start":{"line":343,"column":12},"end":{"line":343,"column":66}},"63":{"start":{"line":344,"column":12},"end":{"line":344,"column":11216}},"64":{"start":{"line":347,"column":8},"end":{"line":347,"column":22}},"65":{"start":{"line":356,"column":8},"end":{"line":356,"column":66}},"66":{"start":{"line":357,"column":8},"end":{"line":357,"column":75}},"67":{"start":{"line":358,"column":8},"end":{"line":358,"column":25}},"68":{"start":{"line":359,"column":8},"end":{"line":359,"column":17}},"69":{"start":{"line":360,"column":8},"end":{"line":360,"column":11706}},"70":{"start":{"line":361,"column":12},"end":{"line":361,"column":11755}},"71":{"start":{"line":369,"column":8},"end":{"line":369,"column":12083}},"72":{"start":{"line":374,"column":8},"end":{"line":374,"column":58}},"73":{"start":{"line":375,"column":8},"end":{"line":375,"column":70}},"74":{"start":{"line":378,"column":8},"end":{"line":378,"column":78}},"75":{"start":{"line":383,"column":8},"end":{"line":383,"column":22}},"76":{"start":{"line":391,"column":8},"end":{"line":391,"column":12864}},"77":{"start":{"line":395,"column":8},"end":{"line":395,"column":56}},"78":{"start":{"line":396,"column":8},"end":{"line":396,"column":13050}},"79":{"start":{"line":401,"column":8},"end":{"line":401,"column":78}},"80":{"start":{"line":404,"column":8},"end":{"line":404,"column":71}},"81":{"start":{"line":405,"column":8},"end":{"line":405,"column":38}},"82":{"start":{"line":406,"column":8},"end":{"line":406,"column":22}},"83":{"start":{"line":415,"column":8},"end":{"line":415,"column":67}},"84":{"start":{"line":420,"column":8},"end":{"line":420,"column":25}},"85":{"start":{"line":428,"column":8},"end":{"line":428,"column":73}},"86":{"start":{"line":429,"column":8},"end":{"line":429,"column":54}},"87":{"start":{"line":430,"column":8},"end":{"line":430,"column":55}},"88":{"start":{"line":432,"column":8},"end":{"line":432,"column":72}},"89":{"start":{"line":433,"column":8},"end":{"line":433,"column":36}},"90":{"start":{"line":437,"column":8},"end":{"line":437,"column":32}},"91":{"start":{"line":454,"column":8},"end":{"line":454,"column":14659}},"92":{"start":{"line":455,"column":12},"end":{"line":455,"column":29}},"93":{"start":{"line":456,"column":12},"end":{"line":456,"column":36}},"94":{"start":{"line":457,"column":12},"end":{"line":457,"column":14763}},"95":{"start":{"line":458,"column":16},"end":{"line":458,"column":14827}},"96":{"start":{"line":459,"column":20},"end":{"line":459,"column":38}},"97":{"start":{"line":462,"column":12},"end":{"line":462,"column":32}},"98":{"start":{"line":463,"column":12},"end":{"line":463,"column":32}},"99":{"start":{"line":464,"column":12},"end":{"line":464,"column":34}},"100":{"start":{"line":473,"column":8},"end":{"line":473,"column":29}},"101":{"start":{"line":474,"column":8},"end":{"line":474,"column":15229}}},"branchMap":{"1":{"line":66,"type":"if","locations":[{"start":{"line":66,"column":8},"end":{"line":66,"column":8}},{"start":{"line":66,"column":8},"end":{"line":66,"column":8}}]},"2":{"line":71,"type":"if","locations":[{"start":{"line":71,"column":8},"end":{"line":71,"column":8}},{"start":{"line":71,"column":8},"end":{"line":71,"column":8}}]},"3":{"line":76,"type":"if","locations":[{"start":{"line":76,"column":8},"end":{"line":76,"column":8}},{"start":{"line":76,"column":8},"end":{"line":76,"column":8}}]},"4":{"line":81,"type":"if","locations":[{"start":{"line":81,"column":8},"end":{"line":81,"column":8}},{"start":{"line":81,"column":8},"end":{"line":81,"column":8}}]},"5":{"line":86,"type":"if","locations":[{"start":{"line":86,"column":8},"end":{"line":86,"column":8}},{"start":{"line":86,"column":8},"end":{"line":86,"column":8}}]},"6":{"line":94,"type":"if","locations":[{"start":{"line":94,"column":8},"end":{"line":94,"column":8}},{"start":{"line":94,"column":8},"end":{"line":94,"column":8}}]},"7":{"line":99,"type":"if","locations":[{"start":{"line":99,"column":8},"end":{"line":99,"column":8}},{"start":{"line":99,"column":8},"end":{"line":99,"column":8}}]},"8":{"line":104,"type":"if","locations":[{"start":{"line":104,"column":8},"end":{"line":104,"column":8}},{"start":{"line":104,"column":8},"end":{"line":104,"column":8}}]},"9":{"line":109,"type":"if","locations":[{"start":{"line":109,"column":8},"end":{"line":109,"column":8}},{"start":{"line":109,"column":8},"end":{"line":109,"column":8}}]},"10":{"line":115,"type":"if","locations":[{"start":{"line":115,"column":8},"end":{"line":115,"column":8}},{"start":{"line":115,"column":8},"end":{"line":115,"column":8}}]},"11":{"line":134,"type":"if","locations":[{"start":{"line":134,"column":46},"end":{"line":134,"column":46}},{"start":{"line":134,"column":46},"end":{"line":134,"column":46}}]},"12":{"line":134,"type":"if","locations":[{"start":{"line":134,"column":57},"end":{"line":134,"column":57}},{"start":{"line":134,"column":57},"end":{"line":134,"column":57}}]},"13":{"line":135,"type":"if","locations":[{"start":{"line":135,"column":8},"end":{"line":135,"column":8}},{"start":{"line":135,"column":8},"end":{"line":135,"column":8}}]},"14":{"line":142,"type":"if","locations":[{"start":{"line":142,"column":49},"end":{"line":142,"column":49}},{"start":{"line":142,"column":49},"end":{"line":142,"column":49}}]},"15":{"line":143,"type":"if","locations":[{"start":{"line":143,"column":8},"end":{"line":143,"column":8}},{"start":{"line":143,"column":8},"end":{"line":143,"column":8}}]},"16":{"line":146,"type":"if","locations":[{"start":{"line":146,"column":16},"end":{"line":146,"column":16}},{"start":{"line":146,"column":16},"end":{"line":146,"column":16}}]},"17":{"line":164,"type":"if","locations":[{"start":{"line":164,"column":8},"end":{"line":164,"column":8}},{"start":{"line":164,"column":8},"end":{"line":164,"column":8}}]},"18":{"line":190,"type":"if","locations":[{"start":{"line":190,"column":8},"end":{"line":190,"column":8}},{"start":{"line":190,"column":8},"end":{"line":190,"column":8}}]},"19":{"line":209,"type":"if","locations":[{"start":{"line":209,"column":8},"end":{"line":209,"column":8}},{"start":{"line":209,"column":8},"end":{"line":209,"column":8}}]},"20":{"line":210,"type":"if","locations":[{"start":{"line":210,"column":8},"end":{"line":210,"column":8}},{"start":{"line":210,"column":8},"end":{"line":210,"column":8}}]},"21":{"line":211,"type":"if","locations":[{"start":{"line":211,"column":8},"end":{"line":211,"column":8}},{"start":{"line":211,"column":8},"end":{"line":211,"column":8}}]},"22":{"line":213,"type":"if","locations":[{"start":{"line":213,"column":8},"end":{"line":213,"column":8}},{"start":{"line":213,"column":8},"end":{"line":213,"column":8}}]},"23":{"line":222,"type":"if","locations":[{"start":{"line":222,"column":8},"end":{"line":222,"column":8}},{"start":{"line":222,"column":8},"end":{"line":222,"column":8}}]},"24":{"line":230,"type":"if","locations":[{"start":{"line":230,"column":12},"end":{"line":230,"column":12}},{"start":{"line":230,"column":12},"end":{"line":230,"column":12}}]},"25":{"line":232,"type":"if","locations":[{"start":{"line":232,"column":16},"end":{"line":232,"column":16}},{"start":{"line":232,"column":16},"end":{"line":232,"column":16}}]},"26":{"line":241,"type":"if","locations":[{"start":{"line":241,"column":8},"end":{"line":241,"column":8}},{"start":{"line":241,"column":8},"end":{"line":241,"column":8}}]},"27":{"line":242,"type":"if","locations":[{"start":{"line":242,"column":8},"end":{"line":242,"column":8}},{"start":{"line":242,"column":8},"end":{"line":242,"column":8}}]},"28":{"line":243,"type":"if","locations":[{"start":{"line":243,"column":8},"end":{"line":243,"column":8}},{"start":{"line":243,"column":8},"end":{"line":243,"column":8}}]},"29":{"line":246,"type":"if","locations":[{"start":{"line":246,"column":8},"end":{"line":246,"column":8}},{"start":{"line":246,"column":8},"end":{"line":246,"column":8}}]},"30":{"line":272,"type":"if","locations":[{"start":{"line":272,"column":12},"end":{"line":272,"column":12}},{"start":{"line":272,"column":12},"end":{"line":272,"column":12}}]},"31":{"line":277,"type":"if","locations":[{"start":{"line":277,"column":8},"end":{"line":277,"column":8}},{"start":{"line":277,"column":8},"end":{"line":277,"column":8}}]},"32":{"line":313,"type":"if","locations":[{"start":{"line":313,"column":12},"end":{"line":313,"column":12}},{"start":{"line":313,"column":12},"end":{"line":313,"column":12}}]},"33":{"line":322,"type":"if","locations":[{"start":{"line":322,"column":12},"end":{"line":322,"column":12}},{"start":{"line":322,"column":12},"end":{"line":322,"column":12}}]},"34":{"line":323,"type":"cond-expr","locations":[{"start":{"line":323,"column":16},"end":{"line":323,"column":51}},{"start":{"line":324,"column":16},"end":{"line":324,"column":51}}]},"35":{"line":335,"type":"if","locations":[{"start":{"line":335,"column":8},"end":{"line":335,"column":8}},{"start":{"line":335,"column":8},"end":{"line":335,"column":8}}]},"36":{"line":338,"type":"if","locations":[{"start":{"line":338,"column":12},"end":{"line":338,"column":12}},{"start":{"line":338,"column":12},"end":{"line":338,"column":12}}]},"37":{"line":344,"type":"if","locations":[{"start":{"line":344,"column":12},"end":{"line":344,"column":12}},{"start":{"line":344,"column":12},"end":{"line":344,"column":12}}]},"38":{"line":356,"type":"if","locations":[{"start":{"line":356,"column":8},"end":{"line":356,"column":8}},{"start":{"line":356,"column":8},"end":{"line":356,"column":8}}]},"39":{"line":361,"type":"if","locations":[{"start":{"line":361,"column":12},"end":{"line":361,"column":12}},{"start":{"line":361,"column":12},"end":{"line":361,"column":12}}]},"40":{"line":362,"type":"cond-expr","locations":[{"start":{"line":362,"column":16},"end":{"line":362,"column":51}},{"start":{"line":363,"column":16},"end":{"line":363,"column":51}}]},"41":{"line":374,"type":"if","locations":[{"start":{"line":374,"column":8},"end":{"line":374,"column":8}},{"start":{"line":374,"column":8},"end":{"line":374,"column":8}}]},"42":{"line":375,"type":"if","locations":[{"start":{"line":375,"column":8},"end":{"line":375,"column":8}},{"start":{"line":375,"column":8},"end":{"line":375,"column":8}}]},"43":{"line":395,"type":"if","locations":[{"start":{"line":395,"column":8},"end":{"line":395,"column":8}},{"start":{"line":395,"column":8},"end":{"line":395,"column":8}}]},"44":{"line":396,"type":"if","locations":[{"start":{"line":396,"column":8},"end":{"line":396,"column":8}},{"start":{"line":396,"column":8},"end":{"line":396,"column":8}}]},"45":{"line":405,"type":"if","locations":[{"start":{"line":405,"column":8},"end":{"line":405,"column":8}},{"start":{"line":405,"column":8},"end":{"line":405,"column":8}}]},"46":{"line":414,"type":"if","locations":[{"start":{"line":414,"column":49},"end":{"line":414,"column":49}},{"start":{"line":414,"column":49},"end":{"line":414,"column":49}}]},"47":{"line":415,"type":"if","locations":[{"start":{"line":415,"column":8},"end":{"line":415,"column":8}},{"start":{"line":415,"column":8},"end":{"line":415,"column":8}}]},"48":{"line":429,"type":"if","locations":[{"start":{"line":429,"column":8},"end":{"line":429,"column":8}},{"start":{"line":429,"column":8},"end":{"line":429,"column":8}}]},"49":{"line":430,"type":"if","locations":[{"start":{"line":430,"column":8},"end":{"line":430,"column":8}},{"start":{"line":430,"column":8},"end":{"line":430,"column":8}}]},"50":{"line":454,"type":"if","locations":[{"start":{"line":454,"column":8},"end":{"line":454,"column":8}},{"start":{"line":454,"column":8},"end":{"line":454,"column":8}}]},"51":{"line":458,"type":"if","locations":[{"start":{"line":458,"column":16},"end":{"line":458,"column":16}},{"start":{"line":458,"column":16},"end":{"line":458,"column":16}}]},"52":{"line":476,"type":"if","locations":[{"start":{"line":476,"column":18},"end":{"line":476,"column":71}},{"start":{"line":477,"column":18},"end":{"line":477,"column":34}}]}}},"contracts\\RewardMgr.sol":{"l":{"21":0,"22":0,"26":57,"27":57,"40":1,"51":1,"53":1,"54":2,"55":2,"57":1,"68":4,"69":4,"82":1,"83":1,"84":1,"85":1,"86":2,"87":2,"92":2,"93":2,"95":1,"107":2,"111":0},"path":"E:\\LivePlanet\\Go Ethereum\\light-worker\\contracts\\RewardMgr.sol","s":{"1":0,"2":1,"3":1,"4":2,"5":1,"6":4,"7":4,"8":1,"9":1,"10":1,"11":1,"12":2,"13":2,"14":2,"15":2,"16":1,"17":2},"b":{"1":[0,0],"2":[1,0],"3":[2,0],"4":[0,0]},"f":{"1":0,"2":57,"3":1,"4":4,"5":1,"6":2,"7":0},"fnMap":{"1":{"name":"onlyOwner","line":20,"loc":{"start":{"line":20,"column":4},"end":{"line":23,"column":4}}},"2":{"name":"constructor","line":25,"loc":{"start":{"line":25,"column":4},"end":{"line":28,"column":4}}},"3":{"name":"totalShares","line":46,"loc":{"start":{"line":46,"column":4},"end":{"line":58,"column":4}}},"4":{"name":"shares","line":63,"loc":{"start":{"line":63,"column":4},"end":{"line":70,"column":4}}},"5":{"name":"distribute","line":77,"loc":{"start":{"line":77,"column":4},"end":{"line":96,"column":4}}},"6":{"name":"_pendingPayment","line":102,"loc":{"start":{"line":102,"column":4},"end":{"line":108,"column":4}}},"7":{"name":"setNftContract","line":110,"loc":{"start":{"line":110,"column":4},"end":{"line":112,"column":4}}}},"statementMap":{"1":{"start":{"line":21,"column":8},"end":{"line":21,"column":73}},"2":{"start":{"line":51,"column":8},"end":{"line":51,"column":32}},"3":{"start":{"line":53,"column":8},"end":{"line":53,"column":1722}},"4":{"start":{"line":54,"column":12},"end":{"line":54,"column":58}},"5":{"start":{"line":57,"column":8},"end":{"line":57,"column":27}},"6":{"start":{"line":68,"column":8},"end":{"line":68,"column":73}},"7":{"start":{"line":69,"column":8},"end":{"line":69,"column":20}},"8":{"start":{"line":82,"column":8},"end":{"line":82,"column":61}},"9":{"start":{"line":83,"column":8},"end":{"line":83,"column":52}},"10":{"start":{"line":84,"column":8},"end":{"line":84,"column":74}},"11":{"start":{"line":85,"column":8},"end":{"line":85,"column":2797}},"12":{"start":{"line":86,"column":12},"end":{"line":86,"column":58}},"13":{"start":{"line":87,"column":12},"end":{"line":87,"column":2922}},"14":{"start":{"line":92,"column":12},"end":{"line":92,"column":73}},"15":{"start":{"line":93,"column":12},"end":{"line":93,"column":42}},"16":{"start":{"line":95,"column":8},"end":{"line":95,"column":45}},"17":{"start":{"line":107,"column":8},"end":{"line":107,"column":55}}},"branchMap":{"1":{"line":21,"type":"if","locations":[{"start":{"line":21,"column":8},"end":{"line":21,"column":8}},{"start":{"line":21,"column":8},"end":{"line":21,"column":8}}]},"2":{"line":84,"type":"if","locations":[{"start":{"line":84,"column":8},"end":{"line":84,"column":8}},{"start":{"line":84,"column":8},"end":{"line":84,"column":8}}]},"3":{"line":93,"type":"if","locations":[{"start":{"line":93,"column":12},"end":{"line":93,"column":12}},{"start":{"line":93,"column":12},"end":{"line":93,"column":12}}]},"4":{"line":110,"type":"if","locations":[{"start":{"line":110,"column":59},"end":{"line":110,"column":59}},{"start":{"line":110,"column":59},"end":{"line":110,"column":59}}]}}}}