TN:
SF:E:\LivePlanet\Go Ethereum\light-worker\contracts\GatingNft1155.sol
FN:39,onlyOwner
FN:51,constructor
FN:66,mint
FN:94,_mintBatch
FN:112,pause
FN:125,unpause
FN:129,_beforeTokenTransfer
FN:140,_afterTokenTransfer
FN:161,getRewardMgr
FN:165,setRewardMgr
FN:169,getLightWorkerDao
FN:174,_addTokenID
FN:181,getTokenIDs
FN:185,getTokenOperator
FNF:14
FNH:11
FNDA:1,onlyOwner
FNDA:54,constructor
FNDA:17,mint
FNDA:0,_mintBatch
FNDA:0,pause
FNDA:0,unpause
FNDA:39,_beforeTokenTransfer
FNDA:39,_afterTokenTransfer
FNDA:1,getRewardMgr
FNDA:1,setRewardMgr
FNDA:13,getLightWorkerDao
FNDA:16,_addTokenID
FNDA:1,getTokenIDs
FNDA:1,getTokenOperator
DA:40,1
DA:41,1
DA:52,54
DA:54,54
DA:73,17
DA:74,16
DA:75,0
DA:76,0
DA:79,16
DA:83,16
DA:85,16
DA:86,16
DA:88,16
DA:100,0
DA:113,0
DA:126,0
DA:137,39
DA:148,39
DA:149,39
DA:151,39
DA:152,1
DA:155,39
DA:156,39
DA:162,1
DA:166,1
DA:170,13
DA:175,16
DA:176,16
DA:177,16
DA:182,1
DA:190,1
LF:31
LH:26
BRDA:40,1,0,1
BRDA:40,1,1,0
BRDA:73,2,0,16
BRDA:73,2,1,1
BRDA:74,3,0,0
BRDA:74,3,1,16
BRDA:76,4,0,0
BRDA:76,4,1,0
BRDA:100,5,0,0
BRDA:100,5,1,0
BRDA:112,6,0,0
BRDA:112,6,1,0
BRDA:125,7,0,0
BRDA:125,7,1,0
BRDA:151,8,0,1
BRDA:151,8,1,38
BRDA:155,9,0,39
BRDA:155,9,1,0
BRDA:165,10,0,1
BRDA:165,10,1,0
BRDA:175,11,0,16
BRDA:175,11,1,0
BRF:22
BRH:9
end_of_record
TN:
SF:E:\LivePlanet\Go Ethereum\light-worker\contracts\ILightWorkerDao.sol
FNF:0
FNH:0
LF:0
LH:0
BRF:0
BRH:0
end_of_record
TN:
SF:E:\LivePlanet\Go Ethereum\light-worker\contracts\IRewardMgr.sol
FNF:0
FNH:0
LF:0
LH:0
BRF:0
BRH:0
end_of_record
TN:
SF:E:\LivePlanet\Go Ethereum\light-worker\contracts\LightWorkerDao.sol
FN:65,onlyOperator
FN:70,onlyParent
FN:75,ownerDoesNotExist
FN:80,ownerExists
FN:85,transactionExists
FN:93,confirmed
FN:98,notConfirmed
FN:103,notExecuted
FN:108,notNull
FN:118,constructor
FN:130,getOperator
FN:134,addWorker
FN:142,removeWorker
FN:155,addPredictionChallenge
FN:176,getPredictionChallenge
FN:211,submitResponse
FN:227,isReady
FN:243,processPredictions
FN:264,predictedValue
FN:281,_addPredictionChallenge
FN:307,getResponseCount
FN:316,getChallengeCount
FN:328,getWinners
FN:350,getChallengeIds
FN:373,acquireToken
FN:389,releaseToken
FN:414,setTokenPrice
FN:419,getTokenPrice
FN:423,distribRewardsFromEscrow
FN:436,getPredictionValue
FN:441,swap
FN:449,sort
FN:468,median
FNF:33
FNH:30
FNDA:4,onlyOperator
FNDA:59,onlyParent
FNDA:0,ownerDoesNotExist
FNDA:7,ownerExists
FNDA:5,transactionExists
FNDA:1,confirmed
FNDA:4,notConfirmed
FNDA:1,notExecuted
FNDA:56,notNull
FNDA:16,constructor
FNDA:1,getOperator
FNDA:56,addWorker
FNDA:2,removeWorker
FNDA:14,addPredictionChallenge
FNDA:2,getPredictionChallenge
FNDA:3,submitResponse
FNDA:3,isReady
FNDA:1,processPredictions
FNDA:1,predictedValue
FNDA:13,_addPredictionChallenge
FNDA:1,getResponseCount
FNDA:0,getChallengeCount
FNDA:1,getWinners
FNDA:1,getChallengeIds
FNDA:23,acquireToken
FNDA:1,releaseToken
FNDA:4,setTokenPrice
FNDA:0,getTokenPrice
FNDA:1,distribRewardsFromEscrow
FNDA:1,getPredictionValue
FNDA:2,swap
FNDA:5,sort
FNDA:1,median
DA:66,4
DA:67,4
DA:71,59
DA:72,58
DA:76,0
DA:77,0
DA:81,7
DA:82,6
DA:86,5
DA:90,4
DA:94,1
DA:95,1
DA:99,4
DA:100,3
DA:104,1
DA:105,1
DA:109,56
DA:110,56
DA:115,0
DA:124,16
DA:125,16
DA:126,16
DA:127,16
DA:131,1
DA:135,56
DA:136,39
DA:137,39
DA:138,39
DA:143,2
DA:144,2
DA:145,2
DA:146,2
DA:147,0
DA:148,0
DA:150,2
DA:151,2
DA:164,14
DA:165,13
DA:190,2
DA:194,1
DA:195,1
DA:213,3
DA:220,3
DA:221,3
DA:222,3
DA:223,1
DA:228,3
DA:229,3
DA:230,5
DA:231,4
DA:232,4
DA:235,2
DA:245,1
DA:246,1
DA:247,1
DA:248,1
DA:249,1
DA:250,1
DA:251,1
DA:256,1
DA:265,1
DA:266,1
DA:267,1
DA:268,1
DA:269,1
DA:270,1
DA:271,2
DA:272,2
DA:273,2
DA:274,2
DA:277,1
DA:278,1
DA:290,13
DA:291,13
DA:303,13
DA:304,13
DA:312,1
DA:313,1
DA:321,0
DA:322,0
DA:333,1
DA:334,1
DA:335,1
DA:336,1
DA:337,2
DA:338,2
DA:340,1
DA:341,1
DA:342,1
DA:343,2
DA:344,2
DA:345,2
DA:347,1
DA:356,1
DA:357,1
DA:358,1
DA:359,1
DA:360,1
DA:361,1
DA:365,0
DA:366,0
DA:368,1
DA:369,1
DA:370,1
DA:374,23
DA:375,22
DA:378,22
DA:383,22
DA:391,1
DA:395,1
DA:396,1
DA:401,1
DA:404,1
DA:405,1
DA:406,1
DA:415,4
DA:416,4
DA:420,0
DA:428,1
DA:429,1
DA:430,1
DA:432,1
DA:433,1
DA:437,1
DA:446,2
DA:454,5
DA:455,2
DA:456,2
DA:457,2
DA:458,1
DA:459,0
DA:462,2
DA:463,2
DA:464,2
DA:473,1
DA:474,1
LF:136
LH:125
BRDA:66,1,0,4
BRDA:66,1,1,0
BRDA:71,2,0,58
BRDA:71,2,1,1
BRDA:76,3,0,0
BRDA:76,3,1,0
BRDA:81,4,0,6
BRDA:81,4,1,1
BRDA:86,5,0,4
BRDA:86,5,1,1
BRDA:94,6,0,1
BRDA:94,6,1,0
BRDA:99,7,0,3
BRDA:99,7,1,1
BRDA:104,8,0,1
BRDA:104,8,1,0
BRDA:109,9,0,56
BRDA:109,9,1,0
BRDA:115,10,0,0
BRDA:115,10,1,0
BRDA:134,11,0,56
BRDA:134,11,1,1
BRDA:134,12,0,56
BRDA:134,12,1,0
BRDA:135,13,0,39
BRDA:135,13,1,17
BRDA:142,14,0,2
BRDA:142,14,1,0
BRDA:143,15,0,2
BRDA:143,15,1,0
BRDA:146,16,0,0
BRDA:146,16,1,2
BRDA:164,17,0,13
BRDA:164,17,1,1
BRDA:190,18,0,1
BRDA:190,18,1,1
BRDA:209,19,0,5
BRDA:209,19,1,1
BRDA:210,20,0,4
BRDA:210,20,1,1
BRDA:211,21,0,3
BRDA:211,21,1,1
BRDA:213,22,0,3
BRDA:213,22,1,0
BRDA:222,23,0,1
BRDA:222,23,1,2
BRDA:230,24,0,4
BRDA:230,24,1,1
BRDA:232,25,0,1
BRDA:232,25,1,3
BRDA:241,26,0,1
BRDA:241,26,1,0
BRDA:242,27,0,1
BRDA:242,27,1,0
BRDA:243,28,0,1
BRDA:243,28,1,0
BRDA:246,29,0,1
BRDA:246,29,1,0
BRDA:272,30,0,2
BRDA:272,30,1,0
BRDA:277,31,0,1
BRDA:277,31,1,0
BRDA:313,32,0,1
BRDA:313,32,1,0
BRDA:322,33,0,0
BRDA:322,33,1,0
BRDA:323,34,0,0
BRDA:323,34,1,0
BRDA:335,35,0,1
BRDA:335,35,1,0
BRDA:338,36,0,2
BRDA:338,36,1,0
BRDA:344,37,0,2
BRDA:344,37,1,0
BRDA:356,38,0,1
BRDA:356,38,1,0
BRDA:361,39,0,0
BRDA:361,39,1,1
BRDA:362,40,0,0
BRDA:362,40,1,0
BRDA:374,41,0,22
BRDA:374,41,1,1
BRDA:375,42,0,22
BRDA:375,42,1,0
BRDA:395,43,0,1
BRDA:395,43,1,0
BRDA:396,44,0,1
BRDA:396,44,1,0
BRDA:405,45,0,1
BRDA:405,45,1,0
BRDA:414,46,0,4
BRDA:414,46,1,0
BRDA:415,47,0,4
BRDA:415,47,1,0
BRDA:429,48,0,1
BRDA:429,48,1,0
BRDA:430,49,0,1
BRDA:430,49,1,0
BRDA:454,50,0,2
BRDA:454,50,1,3
BRDA:458,51,0,0
BRDA:458,51,1,1
BRDA:476,52,0,1
BRDA:476,52,1,0
BRF:104
BRH:63
end_of_record
TN:
SF:E:\LivePlanet\Go Ethereum\light-worker\contracts\RewardMgr.sol
FN:20,onlyOwner
FN:25,constructor
FN:46,totalShares
FN:63,shares
FN:77,distribute
FN:102,_pendingPayment
FN:110,setNftContract
FNF:7
FNH:5
FNDA:0,onlyOwner
FNDA:57,constructor
FNDA:1,totalShares
FNDA:4,shares
FNDA:1,distribute
FNDA:2,_pendingPayment
FNDA:0,setNftContract
DA:21,0
DA:22,0
DA:26,57
DA:27,57
DA:40,1
DA:51,1
DA:53,1
DA:54,2
DA:55,2
DA:57,1
DA:68,4
DA:69,4
DA:82,1
DA:83,1
DA:84,1
DA:85,1
DA:86,2
DA:87,2
DA:92,2
DA:93,2
DA:95,1
DA:107,2
DA:111,0
LF:23
LH:20
BRDA:21,1,0,0
BRDA:21,1,1,0
BRDA:84,2,0,1
BRDA:84,2,1,0
BRDA:93,3,0,2
BRDA:93,3,1,0
BRDA:110,4,0,0
BRDA:110,4,1,0
BRF:8
BRH:2
end_of_record
